c:\users\jeffrey\source\repos\rpgbattlesimulator_v2\rpgbattlesimulator_v2\debug\vc142.pdb
c:\users\jeffrey\source\repos\rpgbattlesimulator_v2\rpgbattlesimulator_v2\debug\vc142.idb
c:\users\jeffrey\source\repos\rpgbattlesimulator_v2\rpgbattlesimulator_v2\debug\rpgbattlesimulator_v2.obj
c:\users\jeffrey\source\repos\rpgbattlesimulator_v2\rpgbattlesimulator_v2\debug\prebattlemenustateparty.obj
c:\users\jeffrey\source\repos\rpgbattlesimulator_v2\rpgbattlesimulator_v2\debug\prebattlemenustatemain.obj
c:\users\jeffrey\source\repos\rpgbattlesimulator_v2\rpgbattlesimulator_v2\debug\prebattlemenustateitems.obj
c:\users\jeffrey\source\repos\rpgbattlesimulator_v2\rpgbattlesimulator_v2\debug\prebattlemenustate.obj
c:\users\jeffrey\source\repos\rpgbattlesimulator_v2\rpgbattlesimulator_v2\debug\prebattleinit.obj
c:\users\jeffrey\source\repos\rpgbattlesimulator_v2\rpgbattlesimulator_v2\debug\partymanager.obj
c:\users\jeffrey\source\repos\rpgbattlesimulator_v2\rpgbattlesimulator_v2\debug\partyinventory.obj
c:\users\jeffrey\source\repos\rpgbattlesimulator_v2\rpgbattlesimulator_v2\debug\namespaceuserselection.obj
c:\users\jeffrey\source\repos\rpgbattlesimulator_v2\rpgbattlesimulator_v2\debug\namespacepartyprinter.obj
c:\users\jeffrey\source\repos\rpgbattlesimulator_v2\rpgbattlesimulator_v2\debug\namespacemenuheader.obj
c:\users\jeffrey\source\repos\rpgbattlesimulator_v2\rpgbattlesimulator_v2\debug\namespacecharactersorter.obj
c:\users\jeffrey\source\repos\rpgbattlesimulator_v2\rpgbattlesimulator_v2\debug\itemequipped.obj
c:\users\jeffrey\source\repos\rpgbattlesimulator_v2\rpgbattlesimulator_v2\debug\itemconsumable.obj
c:\users\jeffrey\source\repos\rpgbattlesimulator_v2\rpgbattlesimulator_v2\debug\item.obj
c:\users\jeffrey\source\repos\rpgbattlesimulator_v2\rpgbattlesimulator_v2\debug\gameobjectbuilder.obj
c:\users\jeffrey\source\repos\rpgbattlesimulator_v2\rpgbattlesimulator_v2\debug\characterplayer.obj
c:\users\jeffrey\source\repos\rpgbattlesimulator_v2\rpgbattlesimulator_v2\debug\character.obj
c:\users\jeffrey\source\repos\rpgbattlesimulator_v2\rpgbattlesimulator_v2\debug\rpgbattlesimulator_v2.ilk
c:\users\jeffrey\source\repos\rpgbattlesimulator_v2\debug\rpgbattlesimulator_v2.exe
c:\users\jeffrey\source\repos\rpgbattlesimulator_v2\debug\rpgbattlesimulator_v2.pdb
c:\users\jeffrey\source\repos\rpgbattlesimulator_v2\rpgbattlesimulator_v2\debug\rpgbattl.6bbef110.tlog\cl.command.1.tlog
c:\users\jeffrey\source\repos\rpgbattlesimulator_v2\rpgbattlesimulator_v2\debug\rpgbattl.6bbef110.tlog\cl.read.1.tlog
c:\users\jeffrey\source\repos\rpgbattlesimulator_v2\rpgbattlesimulator_v2\debug\rpgbattl.6bbef110.tlog\cl.write.1.tlog
c:\users\jeffrey\source\repos\rpgbattlesimulator_v2\rpgbattlesimulator_v2\debug\rpgbattl.6bbef110.tlog\link.command.1.tlog
c:\users\jeffrey\source\repos\rpgbattlesimulator_v2\rpgbattlesimulator_v2\debug\rpgbattl.6bbef110.tlog\link.read.1.tlog
c:\users\jeffrey\source\repos\rpgbattlesimulator_v2\rpgbattlesimulator_v2\debug\rpgbattl.6bbef110.tlog\link.write.1.tlog
